[2019-09-26T23:56:18.641] [DEBUG] default - I will be logged in all-the-logs.log
[2019-09-26T23:56:18.642] [DEBUG] default - I will be logged in all-ssfsdfsd-logs.log
[2019-09-26T23:56:18.642] [WARN] default - sdf
[2019-09-27T00:33:10.233] [WARN] default - sdf
[2019-09-27T00:33:22.095] [WARN] default - sdf
[2019-09-27T00:35:14.736] [WARN] console - sdf
[2019-09-27T00:35:21.267] [WARN] console - sdf
[2019-09-27T00:35:36.451] [WARN] console - sdf
[2019-09-27T00:36:21.018] [WARN] out - sdf
[2019-09-27T00:45:48.784] [WARN] out - sdf
[2019-09-27T00:45:53.541] [WARN] out - sdf
[2019-09-27T00:47:27.943] [WARN] out - sdf
[2019-09-27T00:56:12.188] [INFO] default - sgdddd
[2019-09-27T10:29:47.299] [WARN] default - sgdddd
[2019-09-27T10:29:48.112] [DEBUG] default - [2019-09-27 10:29:48][1569551388112]   {"code":"300003","msg":"Balance insufficient. The order would cost 0.0005174747."}  
[2019-09-27T10:30:38.685] [WARN] default - sgdddd
[2019-09-27T10:30:40.749] [DEBUG] default -   {"code":"300003","msg":"Balance insufficient. The order would cost 0.0005174747."}  
[2019-09-27T10:31:16.661] [WARN] default - sgdddd
[2019-09-27T10:31:17.542] [DEBUG] default -   {"code":"300003","msg":"Balance insufficient. The order would cost 0.0005174747."}  
[2019-09-27T10:31:26.536] [WARN] default - sgdddd
[2019-09-27T10:31:27.350] [DEBUG] default -   {"code":"300003","msg":"Balance insufficient. The order would cost 0.0517474747."}  
[2019-09-27T10:31:37.284] [WARN] default - sgdddd
[2019-09-27T10:31:37.948] [DEBUG] default -   {"code":"100001","msg":"Price parameter invalid. The parameter shall be a multiple of 1."}  
[2019-09-27T10:31:49.139] [WARN] default - sgdddd
[2019-09-27T10:31:49.818] [DEBUG] default -   {"code":"300003","msg":"Balance insufficient. The order would cost 0.0517474747."}  
[2019-09-27T10:36:54.009] [WARN] default - sgdddd
[2019-09-27T10:36:54.713] [INFO] default -   {"code":"300003","msg":"Balance insufficient. The order would cost 0.0517474747."}  
[2019-09-27T10:38:19.175] [WARN] default - sgdddd
[2019-09-27T10:38:20.193] [INFO] default -   {"code":"300003","msg":"Balance insufficient. The order would cost 0.0517474747."}  
[2019-09-27T10:38:41.643] [INFO] default -   {"code":"300003","msg":"Balance insufficient. The order would cost 0.0517474747."}  
[2019-09-27T10:39:08.531] [DEBUG] default -   {"code":"300003","msg":"Balance insufficient. The order would cost 0.0517474747."}  
[2019-09-27T10:39:15.512] [INFO] default -   {"code":"300003","msg":"Balance insufficient. The order would cost 0.0517474747."}  
